<?xml version="1.0" encoding="UTF-8"?>
<testng-results ignored="0" total="1" passed="1" failed="0" skipped="0">
  <reporter-output>
    <line>
      <![CDATA[TC_002_Indent_Raise_Cancel_Non_VPO_Customer_Indent_via_cart_test]]>
    </line>
    <line>
      <![CDATA[Product Added into cart ]]>
    </line>
    <line>
      <![CDATA[Step:1 Indent Raise Successfully And Verification Passed ]]>
    </line>
  </reporter-output>
  <suite started-at="2023-05-02T16:06:51 IST" name="Default suite" finished-at="2023-05-02T16:07:10 IST" duration-ms="19456">
    <groups>
    </groups>
    <test started-at="2023-05-02T16:06:51 IST" name="Default test" finished-at="2023-05-02T16:07:10 IST" duration-ms="19456">
      <class name="com.OMS.Indent.TC_002_Indent_Raise_Cancel_Non_VPO_Customer_Indent_via_cart_test">
        <test-method is-config="true" signature="initializationOFObjects()[pri:0, instance:com.OMS.Indent.TC_002_Indent_Raise_Cancel_Non_VPO_Customer_Indent_via_cart_test@1be2019a]" started-at="2023-05-02T16:06:50 IST" name="initializationOFObjects" finished-at="2023-05-02T16:06:51 IST" duration-ms="6" status="PASS">
          <reporter-output>
          </reporter-output>
        </test-method> <!-- initializationOFObjects -->
        <test-method is-config="true" signature="launchBrowser()[pri:0, instance:com.OMS.Indent.TC_002_Indent_Raise_Cancel_Non_VPO_Customer_Indent_via_cart_test@1be2019a]" started-at="2023-05-02T16:06:51 IST" name="launchBrowser" finished-at="2023-05-02T16:06:58 IST" duration-ms="7026" status="PASS">
          <reporter-output>
          </reporter-output>
        </test-method> <!-- launchBrowser -->
        <test-method signature="Indent_Raise_Cancel_Non_VPO_Customer_Indent_via_via_cart_test()[pri:0, instance:com.OMS.Indent.TC_002_Indent_Raise_Cancel_Non_VPO_Customer_Indent_via_cart_test@1be2019a]" started-at="2023-05-02T16:06:58 IST" name="Indent_Raise_Cancel_Non_VPO_Customer_Indent_via_via_cart_test" finished-at="2023-05-02T16:07:10 IST" duration-ms="12216" status="PASS">
          <reporter-output>
            <line>
              <![CDATA[TC_002_Indent_Raise_Cancel_Non_VPO_Customer_Indent_via_cart_test]]>
            </line>
            <line>
              <![CDATA[Product Added into cart ]]>
            </line>
            <line>
              <![CDATA[Step:1 Indent Raise Successfully And Verification Passed ]]>
            </line>
          </reporter-output>
        </test-method> <!-- Indent_Raise_Cancel_Non_VPO_Customer_Indent_via_via_cart_test -->
        <test-method is-config="true" signature="close()[pri:0, instance:com.OMS.Indent.TC_002_Indent_Raise_Cancel_Non_VPO_Customer_Indent_via_cart_test@1be2019a]" started-at="2023-05-02T16:07:10 IST" name="close" finished-at="2023-05-02T16:07:10 IST" duration-ms="0" status="PASS">
          <reporter-output>
          </reporter-output>
        </test-method> <!-- close -->
        <test-method is-config="true" signature="disconnectToDB()[pri:0, instance:com.OMS.Indent.TC_002_Indent_Raise_Cancel_Non_VPO_Customer_Indent_via_cart_test@1be2019a]" started-at="2023-05-02T16:07:12 IST" name="disconnectToDB" finished-at="2023-05-02T16:07:12 IST" duration-ms="0" status="PASS">
          <reporter-output>
          </reporter-output>
        </test-method> <!-- disconnectToDB -->
      </class> <!-- com.OMS.Indent.TC_002_Indent_Raise_Cancel_Non_VPO_Customer_Indent_via_cart_test -->
    </test> <!-- Default test -->
  </suite> <!-- Default suite -->
</testng-results>
